ERROR [org.apache.jsp.META_002dINF.views.framework.panic_jsp] HTTP GET /acme-incubator/META-INF/views/framework/page.jsp HTTP/1.1
ERROR [org.apache.jsp.META_002dINF.views.framework.panic_jsp] Status: 500
ERROR [org.apache.jsp.META_002dINF.views.framework.panic_jsp] Exception: acme.framework.helpers.Assert.state(Assert.java:40): End-point no disponible
ERROR [org.apache.jsp.META_002dINF.views.framework.panic_jsp] HTTP GET /acme-incubator/META-INF/views/framework/page.jsp HTTP/1.1
ERROR [org.apache.jsp.META_002dINF.views.framework.panic_jsp] Status: 500
ERROR [org.apache.jsp.META_002dINF.views.framework.panic_jsp] Exception: acme.framework.helpers.Assert.state(Assert.java:40): End-point no disponible
ERROR [org.apache.jsp.META_002dINF.views.framework.panic_jsp] HTTP GET /acme-incubator/META-INF/views/framework/page.jsp HTTP/1.1
ERROR [org.apache.jsp.META_002dINF.views.framework.panic_jsp] Status: 500
ERROR [org.apache.jsp.META_002dINF.views.framework.panic_jsp] Exception: acme.framework.helpers.Assert.state(Assert.java:40): End-point no disponible
ERROR [org.apache.jsp.META_002dINF.views.framework.panic_jsp] HTTP GET /acme-incubator/META-INF/views/framework/page.jsp HTTP/1.1
ERROR [org.apache.jsp.META_002dINF.views.framework.panic_jsp] Status: 500
ERROR [org.apache.jsp.META_002dINF.views.framework.panic_jsp] Exception: acme.framework.helpers.Assert.state(Assert.java:40): End-point no disponible
ERROR [org.apache.jsp.META_002dINF.views.framework.panic_jsp] HTTP GET /acme-incubator/META-INF/views/framework/page.jsp HTTP/1.1
ERROR [org.apache.jsp.META_002dINF.views.framework.panic_jsp] Status: 500
ERROR [org.apache.jsp.META_002dINF.views.framework.panic_jsp] Exception: acme.framework.helpers.Assert.state(Assert.java:40): End-point no disponible
ERROR [org.apache.jsp.META_002dINF.views.framework.panic_jsp] HTTP GET /acme-incubator/META-INF/views/framework/page.jsp HTTP/1.1
ERROR [org.apache.jsp.META_002dINF.views.framework.panic_jsp] Status: 500
ERROR [org.apache.jsp.META_002dINF.views.framework.panic_jsp] Exception: acme.framework.helpers.Assert.state(Assert.java:40): End-point no disponible
ERROR [org.apache.jsp.META_002dINF.views.framework.panic_jsp] HTTP GET /acme-incubator/META-INF/views/framework/page.jsp HTTP/1.1
ERROR [org.apache.jsp.META_002dINF.views.framework.panic_jsp] Status: 500
ERROR [org.apache.jsp.META_002dINF.views.framework.panic_jsp] Exception: java.lang.AssertionError
ERROR [org.apache.jsp.META_002dINF.views.framework.panic_jsp] HTTP GET /acme-incubator/META-INF/views/framework/page.jsp HTTP/1.1
ERROR [org.apache.jsp.META_002dINF.views.framework.panic_jsp] Status: 500
ERROR [org.apache.jsp.META_002dINF.views.framework.panic_jsp] Exception: java.lang.AbstractStringBuilder.delete(Unknown Source): String index out of range: -3
ERROR [org.apache.jsp.META_002dINF.views.framework.panic_jsp] HTTP GET /acme-incubator/META-INF/views/framework/page.jsp HTTP/1.1
ERROR [org.apache.jsp.META_002dINF.views.framework.panic_jsp] Status: 500
ERROR [org.apache.jsp.META_002dINF.views.framework.panic_jsp] Exception: java.lang.AbstractStringBuilder.delete(Unknown Source): String index out of range: -1
ERROR [org.apache.jsp.META_002dINF.views.framework.panic_jsp] HTTP GET /acme-incubator/META-INF/views/framework/page.jsp HTTP/1.1
ERROR [org.apache.jsp.META_002dINF.views.framework.panic_jsp] Status: 500
ERROR [org.apache.jsp.META_002dINF.views.framework.panic_jsp] Exception: java.lang.AbstractStringBuilder.delete(Unknown Source): String index out of range: -5
ERROR [org.apache.catalina.util.LifecycleBase] at org.apache.catalina.connector.Connector.startInternal(Connector.java:1008): Protocol handler start failed
at sun.nio.ch.Net.bind0(Native Method): Address already in use: bind
ERROR [org.springframework.boot.diagnostics.LoggingFailureAnalysisReporter] ***************************
APPLICATION FAILED TO START
***************************
Description:
The Tomcat connector configured to listen on port 8080 failed to start. The port may already be in use or the connector may be misconfigured.
Action:
Verify the connector's configuration, identify and stop any process that's listening on port 8080, or configure this application to listen on another port.
ERROR [org.apache.jsp.META_002dINF.views.framework.panic_jsp] HTTP GET /acme-incubator/META-INF/views/framework/page.jsp HTTP/1.1
ERROR [org.apache.jsp.META_002dINF.views.framework.panic_jsp] Status: 500
ERROR [org.apache.jsp.META_002dINF.views.framework.panic_jsp] Exception: java.lang.AssertionError
ERROR [org.apache.jsp.META_002dINF.views.framework.panic_jsp] HTTP GET /acme-incubator/META-INF/views/framework/page.jsp HTTP/1.1
ERROR [org.apache.jsp.META_002dINF.views.framework.panic_jsp] Status: 500
ERROR [org.apache.jsp.META_002dINF.views.framework.panic_jsp] Exception: java.lang.AssertionError
ERROR [org.apache.jsp.META_002dINF.views.framework.panic_jsp] HTTP GET /acme-incubator/META-INF/views/framework/page.jsp HTTP/1.1
ERROR [org.apache.jsp.META_002dINF.views.framework.panic_jsp] Status: 500
ERROR [org.apache.jsp.META_002dINF.views.framework.panic_jsp] Exception: acme.framework.helpers.Assert.state(Assert.java:40): Access is not authorised
ERROR [com.zaxxer.hikari.pool.HikariPool] at com.mysql.cj.jdbc.exceptions.SQLError.createCommunicationsException(SQLError.java:174): Communications link failure
The last packet sent successfully to the server was 0 milliseconds ago. The driver has not received any packets from the server.
at sun.reflect.NativeConstructorAccessorImpl.newInstance0(Native Method): Communications link failure
The last packet sent successfully to the server was 0 milliseconds ago. The driver has not received any packets from the server.
at java.net.DualStackPlainSocketImpl.waitForConnect(Native Method): Connection refused: connect
WARN [org.springframework.boot.autoconfigure.orm.jpa.DatabaseLookup] at org.springframework.jdbc.support.JdbcUtils.extractDatabaseMetaData(JdbcUtils.java:328): Could not get Connection for extracting meta-data; nested exception is org.springframework.jdbc.CannotGetJdbcConnectionException: Failed to obtain JDBC Connection; nested exception is com.mysql.cj.jdbc.exceptions.CommunicationsException: Communications link failure
The last packet sent successfully to the server was 0 milliseconds ago. The driver has not received any packets from the server.
at org.springframework.jdbc.datasource.DataSourceUtils.getConnection(DataSourceUtils.java:81): Failed to obtain JDBC Connection; nested exception is com.mysql.cj.jdbc.exceptions.CommunicationsException: Communications link failure
The last packet sent successfully to the server was 0 milliseconds ago. The driver has not received any packets from the server.
at com.mysql.cj.jdbc.exceptions.SQLError.createCommunicationsException(SQLError.java:174): Communications link failure
The last packet sent successfully to the server was 0 milliseconds ago. The driver has not received any packets from the server.
at sun.reflect.NativeConstructorAccessorImpl.newInstance0(Native Method): Communications link failure
The last packet sent successfully to the server was 0 milliseconds ago. The driver has not received any packets from the server.
at java.net.DualStackPlainSocketImpl.waitForConnect(Native Method): Connection refused: connect
ERROR [com.zaxxer.hikari.pool.HikariPool] at com.mysql.cj.jdbc.exceptions.SQLError.createCommunicationsException(SQLError.java:174): Communications link failure
The last packet sent successfully to the server was 0 milliseconds ago. The driver has not received any packets from the server.
at sun.reflect.NativeConstructorAccessorImpl.newInstance0(Native Method): Communications link failure
The last packet sent successfully to the server was 0 milliseconds ago. The driver has not received any packets from the server.
at java.net.DualStackPlainSocketImpl.waitForConnect(Native Method): Connection refused: connect
WARN [org.hibernate.engine.jdbc.env.internal.JdbcEnvironmentInitiator] HHH000342: Could not obtain connection to query metadata : Communications link failure
The last packet sent successfully to the server was 0 milliseconds ago. The driver has not received any packets from the server.
WARN [org.springframework.boot.web.servlet.context.AnnotationConfigServletWebServerApplicationContext] Exception encountered during context initialization - cancelling refresh attempt: org.springframework.beans.factory.BeanCreationException: Error creating bean with name 'entityManagerFactory' defined in class path resource [org/springframework/boot/autoconfigure/orm/jpa/HibernateJpaConfiguration.class]: Invocation of init method failed; nested exception is org.hibernate.service.spi.ServiceException: Unable to create requested service [org.hibernate.engine.jdbc.env.spi.JdbcEnvironment]
ERROR [org.springframework.boot.SpringApplication] at org.springframework.beans.factory.support.AbstractAutowireCapableBeanFactory.initializeBean(AbstractAutowireCapableBeanFactory.java:1778): Error creating bean with name 'entityManagerFactory' defined in class path resource [org/springframework/boot/autoconfigure/orm/jpa/HibernateJpaConfiguration.class]: Invocation of init method failed; nested exception is org.hibernate.service.spi.ServiceException: Unable to create requested service [org.hibernate.engine.jdbc.env.spi.JdbcEnvironment]
at org.hibernate.service.internal.AbstractServiceRegistryImpl.createService(AbstractServiceRegistryImpl.java:275): Unable to create requested service [org.hibernate.engine.jdbc.env.spi.JdbcEnvironment]
at org.hibernate.engine.jdbc.dialect.internal.DialectFactoryImpl.determineDialect(DialectFactoryImpl.java:100): Access to DialectResolutionInfo cannot be null when 'hibernate.dialect' not set
ERROR [org.apache.jsp.META_002dINF.views.framework.panic_jsp] HTTP GET /acme-incubator/META-INF/views/framework/page.jsp HTTP/1.1
ERROR [org.apache.jsp.META_002dINF.views.framework.panic_jsp] Status: 500
ERROR [org.apache.jsp.META_002dINF.views.framework.panic_jsp] Exception: java.lang.AssertionError
ERROR [org.apache.jsp.META_002dINF.views.framework.panic_jsp] HTTP GET /acme-incubator/META-INF/views/framework/page.jsp HTTP/1.1
ERROR [org.apache.jsp.META_002dINF.views.framework.panic_jsp] Status: 500
ERROR [org.apache.jsp.META_002dINF.views.framework.panic_jsp] Exception: acme.framework.helpers.Assert.state(Assert.java:40): Access is not authorised
ERROR [org.apache.catalina.core.ContainerBase.[Tomcat].[localhost].[/acme-incubator].[dispatcherServlet]] at acme.framework.utilities.RememberMeLogoutHandler.logout(RememberMeLogoutHandler.java:31): java.lang.AssertionError
ERROR [org.apache.jsp.META_002dINF.views.framework.panic_jsp] HTTP GET /acme-incubator/META-INF/views/framework/page.jsp HTTP/1.1
ERROR [org.apache.jsp.META_002dINF.views.framework.panic_jsp] Status: 500
ERROR [org.apache.jsp.META_002dINF.views.framework.panic_jsp] Exception: acme.framework.helpers.Assert.state(Assert.java:40): Access is not authorised
ERROR [org.apache.catalina.core.ContainerBase.[Tomcat].[localhost].[/acme-incubator].[jsp]] at acme.framework.helpers.ConversionHelper.convert(ConversionHelper.java:41): java.lang.AssertionError
ERROR [org.apache.catalina.core.ContainerBase.[Tomcat].[localhost].[/acme-incubator].[jsp]] at org.apache.tiles.request.servlet.ServletUtil.wrapServletException(ServletUtil.java:61): JSPException including path '../anonymous/technology-record/form.jsp'.
at org.apache.jsp.tag.web.print_tag.doTag(print_tag.java:168): java.lang.AssertionError
at acme.framework.helpers.ConversionHelper.convert(ConversionHelper.java:41): java.lang.AssertionError
ERROR [org.apache.catalina.core.ContainerBase.[Tomcat].[localhost].[/acme-incubator].[dispatcherServlet]] at acme.framework.helpers.ConversionHelper.convert(ConversionHelper.java:41): java.lang.AssertionError
ERROR [org.apache.catalina.util.LifecycleBase] at org.apache.catalina.connector.Connector.startInternal(Connector.java:1008): Protocol handler start failed
at sun.nio.ch.Net.bind0(Native Method): Address already in use: bind
ERROR [org.springframework.boot.diagnostics.LoggingFailureAnalysisReporter] ***************************
APPLICATION FAILED TO START
***************************
Description:
The Tomcat connector configured to listen on port 8080 failed to start. The port may already be in use or the connector may be misconfigured.
Action:
Verify the connector's configuration, identify and stop any process that's listening on port 8080, or configure this application to listen on another port.
ERROR [org.hibernate.internal.ExceptionMapperStandardImpl] HHH000346: Error during managed flush [org.hibernate.TransientPropertyValueException: object references an unsaved transient instance - save the transient instance before flushing : acme.entities.technologyRecords.TechnologyRecord.activitySector -> acme.entities.activitySectors.ActivitySector]
ERROR [org.apache.jsp.META_002dINF.views.framework.panic_jsp] HTTP POST /acme-incubator/META-INF/views/framework/page.jsp HTTP/1.1
ERROR [org.apache.jsp.META_002dINF.views.framework.panic_jsp] Status: 500
ERROR [org.apache.jsp.META_002dINF.views.framework.panic_jsp] Exception: org.springframework.orm.jpa.EntityManagerFactoryUtils.convertJpaAccessExceptionIfPossible(EntityManagerFactoryUtils.java:370): org.hibernate.TransientPropertyValueException: object references an unsaved transient instance - save the transient instance before flushing : acme.entities.technologyRecords.TechnologyRecord.activitySector -> acme.entities.activitySectors.ActivitySector; nested exception is java.lang.IllegalStateException: org.hibernate.TransientPropertyValueException: object references an unsaved transient instance - save the transient instance before flushing : acme.entities.technologyRecords.TechnologyRecord.activitySector -> acme.entities.activitySectors.ActivitySector
org.hibernate.internal.ExceptionConverterImpl.convert(ExceptionConverterImpl.java:151): org.hibernate.TransientPropertyValueException: object references an unsaved transient instance - save the transient instance before flushing : acme.entities.technologyRecords.TechnologyRecord.activitySector -> acme.entities.activitySectors.ActivitySector
org.hibernate.engine.spi.CascadingActions$8.noCascade(CascadingActions.java:380): object references an unsaved transient instance - save the transient instance before flushing : acme.entities.technologyRecords.TechnologyRecord.activitySector -> acme.entities.activitySectors.ActivitySector
ERROR [org.hibernate.internal.ExceptionMapperStandardImpl] HHH000346: Error during managed flush [org.hibernate.TransientPropertyValueException: object references an unsaved transient instance - save the transient instance before flushing : acme.entities.technologyRecords.TechnologyRecord.activitySector -> acme.entities.activitySectors.ActivitySector]
ERROR [org.apache.jsp.META_002dINF.views.framework.panic_jsp] HTTP POST /acme-incubator/META-INF/views/framework/page.jsp HTTP/1.1
ERROR [org.apache.jsp.META_002dINF.views.framework.panic_jsp] Status: 500
ERROR [org.apache.jsp.META_002dINF.views.framework.panic_jsp] Exception: org.springframework.orm.jpa.EntityManagerFactoryUtils.convertJpaAccessExceptionIfPossible(EntityManagerFactoryUtils.java:370): org.hibernate.TransientPropertyValueException: object references an unsaved transient instance - save the transient instance before flushing : acme.entities.technologyRecords.TechnologyRecord.activitySector -> acme.entities.activitySectors.ActivitySector; nested exception is java.lang.IllegalStateException: org.hibernate.TransientPropertyValueException: object references an unsaved transient instance - save the transient instance before flushing : acme.entities.technologyRecords.TechnologyRecord.activitySector -> acme.entities.activitySectors.ActivitySector
org.hibernate.internal.ExceptionConverterImpl.convert(ExceptionConverterImpl.java:151): org.hibernate.TransientPropertyValueException: object references an unsaved transient instance - save the transient instance before flushing : acme.entities.technologyRecords.TechnologyRecord.activitySector -> acme.entities.activitySectors.ActivitySector
org.hibernate.engine.spi.CascadingActions$8.noCascade(CascadingActions.java:380): object references an unsaved transient instance - save the transient instance before flushing : acme.entities.technologyRecords.TechnologyRecord.activitySector -> acme.entities.activitySectors.ActivitySector
ERROR [org.apache.catalina.util.LifecycleBase] at org.apache.catalina.connector.Connector.startInternal(Connector.java:1008): Protocol handler start failed
at sun.nio.ch.Net.bind0(Native Method): Address already in use: bind
ERROR [org.springframework.boot.diagnostics.LoggingFailureAnalysisReporter] ***************************
APPLICATION FAILED TO START
***************************
Description:
The Tomcat connector configured to listen on port 8080 failed to start. The port may already be in use or the connector may be misconfigured.
Action:
Verify the connector's configuration, identify and stop any process that's listening on port 8080, or configure this application to listen on another port.
ERROR [org.apache.catalina.core.ContainerBase.[Tomcat].[localhost].[/acme-incubator].[jsp]] at acme.framework.helpers.ConversionHelper.convert(ConversionHelper.java:41): java.lang.AssertionError
ERROR [org.apache.catalina.core.ContainerBase.[Tomcat].[localhost].[/acme-incubator].[jsp]] at org.apache.tiles.request.servlet.ServletUtil.wrapServletException(ServletUtil.java:61): JSPException including path '../administrator/technology-record/form.jsp'.
at org.apache.jsp.tag.web.print_tag.doTag(print_tag.java:168): java.lang.AssertionError
at acme.framework.helpers.ConversionHelper.convert(ConversionHelper.java:41): java.lang.AssertionError
ERROR [org.apache.catalina.core.ContainerBase.[Tomcat].[localhost].[/acme-incubator].[dispatcherServlet]] at acme.framework.helpers.ConversionHelper.convert(ConversionHelper.java:41): java.lang.AssertionError
ERROR [org.apache.jsp.META_002dINF.views.framework.panic_jsp] HTTP POST /acme-incubator/META-INF/views/framework/page.jsp HTTP/1.1
ERROR [org.apache.jsp.META_002dINF.views.framework.panic_jsp] Status: 500
ERROR [org.apache.jsp.META_002dINF.views.framework.panic_jsp] Exception: java.lang.NullPointerException
ERROR [org.apache.jsp.META_002dINF.views.framework.panic_jsp] HTTP POST /acme-incubator/META-INF/views/framework/page.jsp HTTP/1.1
ERROR [org.apache.jsp.META_002dINF.views.framework.panic_jsp] Status: 500
ERROR [org.apache.jsp.META_002dINF.views.framework.panic_jsp] Exception: java.lang.NullPointerException
ERROR [org.apache.jsp.META_002dINF.views.framework.panic_jsp] HTTP POST /acme-incubator/META-INF/views/framework/page.jsp HTTP/1.1
ERROR [org.apache.jsp.META_002dINF.views.framework.panic_jsp] Status: 500
ERROR [org.apache.jsp.META_002dINF.views.framework.panic_jsp] Exception: java.lang.NullPointerException
ERROR [org.apache.jsp.META_002dINF.views.framework.panic_jsp] HTTP POST /acme-incubator/META-INF/views/framework/page.jsp HTTP/1.1
ERROR [org.apache.jsp.META_002dINF.views.framework.panic_jsp] Status: 500
ERROR [org.apache.jsp.META_002dINF.views.framework.panic_jsp] Exception: org.hibernate.cfg.beanvalidation.BeanValidationEventListener.validate(BeanValidationEventListener.java:140): Validation failed for classes [acme.entities.spamWords.SpamWord] during persist time for groups [javax.validation.groups.Default, ]
List of constraint violations:[
	ConstraintViolationImpl{interpolatedMessage='must not be blank', propertyPath=spanishTranslation, rootBeanClass=class acme.entities.spamWords.SpamWord, messageTemplate='{javax.validation.constraints.NotBlank.message}'}
	ConstraintViolationImpl{interpolatedMessage='must not be blank', propertyPath=englishTranslation, rootBeanClass=class acme.entities.spamWords.SpamWord, messageTemplate='{javax.validation.constraints.NotBlank.message}'}
]
ERROR [org.apache.jsp.META_002dINF.views.framework.panic_jsp] HTTP POST /acme-incubator/META-INF/views/framework/page.jsp HTTP/1.1
ERROR [org.apache.jsp.META_002dINF.views.framework.panic_jsp] Status: 500
ERROR [org.apache.jsp.META_002dINF.views.framework.panic_jsp] Exception: java.lang.NullPointerException
ERROR [org.apache.jsp.META_002dINF.views.framework.panic_jsp] HTTP POST /acme-incubator/META-INF/views/framework/page.jsp HTTP/1.1
ERROR [org.apache.jsp.META_002dINF.views.framework.panic_jsp] Status: 500
ERROR [org.apache.jsp.META_002dINF.views.framework.panic_jsp] Exception: java.lang.NullPointerException
ERROR [org.apache.jsp.META_002dINF.views.framework.panic_jsp] HTTP POST /acme-incubator/META-INF/views/framework/page.jsp HTTP/1.1
ERROR [org.apache.jsp.META_002dINF.views.framework.panic_jsp] Status: 500
ERROR [org.apache.jsp.META_002dINF.views.framework.panic_jsp] Exception: java.lang.NullPointerException
WARN [org.springframework.boot.web.servlet.context.AnnotationConfigServletWebServerApplicationContext] Exception encountered during context initialization - cancelling refresh attempt: org.springframework.beans.factory.UnsatisfiedDependencyException: Error creating bean with name 'entrepreneurInvestmentApplicationController': Unsatisfied dependency expressed through field 'listService'; nested exception is org.springframework.beans.factory.UnsatisfiedDependencyException: Error creating bean with name 'entrepreneurInvestmentApplicationListService': Unsatisfied dependency expressed through field 'repository'; nested exception is org.springframework.beans.factory.NoSuchBeanDefinitionException: No qualifying bean of type 'acme.features.entrepreneur.investmentApplication.EntrepreneurInvestmentApplicationRepository' available: expected at least 1 bean which qualifies as autowire candidate. Dependency annotations: {@org.springframework.beans.factory.annotation.Autowired(required=true)}
ERROR [org.springframework.boot.diagnostics.LoggingFailureAnalysisReporter] ***************************
APPLICATION FAILED TO START
***************************
Description:
Field repository in acme.features.entrepreneur.investmentApplication.EntrepreneurInvestmentApplicationListService required a bean of type 'acme.features.entrepreneur.investmentApplication.EntrepreneurInvestmentApplicationRepository' that could not be found.
The injection point has the following annotations:
- @org.springframework.beans.factory.annotation.Autowired(required=true)
Action:
Consider defining a bean of type 'acme.features.entrepreneur.investmentApplication.EntrepreneurInvestmentApplicationRepository' in your configuration.
WARN [org.springframework.boot.web.servlet.context.AnnotationConfigServletWebServerApplicationContext] Exception encountered during context initialization - cancelling refresh attempt: org.springframework.beans.factory.UnsatisfiedDependencyException: Error creating bean with name 'entrepreneurInvestmentApplicationController': Unsatisfied dependency expressed through field 'listService'; nested exception is org.springframework.beans.factory.UnsatisfiedDependencyException: Error creating bean with name 'entrepreneurInvestmentApplicationListService': Unsatisfied dependency expressed through field 'repository'; nested exception is org.springframework.beans.factory.NoSuchBeanDefinitionException: No qualifying bean of type 'acme.features.entrepreneur.investmentApplication.EntrepreneurInvestmentApplicationRepository' available: expected at least 1 bean which qualifies as autowire candidate. Dependency annotations: {@org.springframework.beans.factory.annotation.Autowired(required=true)}
ERROR [org.springframework.boot.diagnostics.LoggingFailureAnalysisReporter] ***************************
APPLICATION FAILED TO START
***************************
Description:
Field repository in acme.features.entrepreneur.investmentApplication.EntrepreneurInvestmentApplicationListService required a bean of type 'acme.features.entrepreneur.investmentApplication.EntrepreneurInvestmentApplicationRepository' that could not be found.
The injection point has the following annotations:
- @org.springframework.beans.factory.annotation.Autowired(required=true)
Action:
Consider defining a bean of type 'acme.features.entrepreneur.investmentApplication.EntrepreneurInvestmentApplicationRepository' in your configuration.
ERROR [org.apache.jsp.META_002dINF.views.framework.panic_jsp] HTTP GET /acme-incubator/META-INF/views/framework/page.jsp HTTP/1.1
ERROR [org.apache.jsp.META_002dINF.views.framework.panic_jsp] Status: 500
ERROR [org.apache.jsp.META_002dINF.views.framework.panic_jsp] Exception: acme.framework.helpers.Assert.state(Assert.java:40): Access is not authorised
WARN [com.zaxxer.hikari.pool.HikariPool] {} - Thread starvation or clock leap detected (housekeeper delta={}).
ERROR [org.apache.jsp.META_002dINF.views.framework.panic_jsp] HTTP GET /acme-incubator/META-INF/views/framework/page.jsp HTTP/1.1
ERROR [org.apache.jsp.META_002dINF.views.framework.panic_jsp] Status: 500
ERROR [org.apache.jsp.META_002dINF.views.framework.panic_jsp] Exception: acme.framework.helpers.Assert.state(Assert.java:40): Access is not authorised
ERROR [org.apache.jsp.META_002dINF.views.framework.panic_jsp] HTTP GET /acme-incubator/META-INF/views/framework/page.jsp HTTP/1.1
ERROR [org.apache.jsp.META_002dINF.views.framework.panic_jsp] Status: 500
ERROR [org.apache.jsp.META_002dINF.views.framework.panic_jsp] Exception: java.lang.NullPointerException
ERROR [org.apache.jsp.META_002dINF.views.framework.panic_jsp] HTTP GET /acme-incubator/META-INF/views/framework/page.jsp HTTP/1.1
ERROR [org.apache.jsp.META_002dINF.views.framework.panic_jsp] Status: 500
ERROR [org.apache.jsp.META_002dINF.views.framework.panic_jsp] Exception: java.lang.NullPointerException
ERROR [org.apache.jsp.META_002dINF.views.framework.panic_jsp] HTTP GET /acme-incubator/META-INF/views/framework/page.jsp HTTP/1.1
ERROR [org.apache.jsp.META_002dINF.views.framework.panic_jsp] Status: 500
ERROR [org.apache.jsp.META_002dINF.views.framework.panic_jsp] Exception: java.lang.NullPointerException
ERROR [org.apache.jsp.META_002dINF.views.framework.panic_jsp] HTTP GET /acme-incubator/META-INF/views/framework/page.jsp HTTP/1.1
ERROR [org.apache.jsp.META_002dINF.views.framework.panic_jsp] Status: 500
ERROR [org.apache.jsp.META_002dINF.views.framework.panic_jsp] Exception: java.lang.NullPointerException
ERROR [org.apache.jsp.META_002dINF.views.framework.panic_jsp] HTTP GET /acme-incubator/META-INF/views/framework/page.jsp HTTP/1.1
ERROR [org.apache.jsp.META_002dINF.views.framework.panic_jsp] Status: 500
ERROR [org.apache.jsp.META_002dINF.views.framework.panic_jsp] Exception: java.lang.NullPointerException
WARN [com.zaxxer.hikari.pool.HikariPool] {} - Thread starvation or clock leap detected (housekeeper delta={}).
WARN [com.zaxxer.hikari.pool.HikariPool] {} - Thread starvation or clock leap detected (housekeeper delta={}).
WARN [com.zaxxer.hikari.pool.HikariPool] {} - Thread starvation or clock leap detected (housekeeper delta={}).
ERROR [org.apache.catalina.util.LifecycleBase] at org.apache.catalina.connector.Connector.startInternal(Connector.java:1008): Protocol handler start failed
at sun.nio.ch.Net.bind0(Native Method): Address already in use: bind
ERROR [org.springframework.boot.diagnostics.LoggingFailureAnalysisReporter] ***************************
APPLICATION FAILED TO START
***************************
Description:
The Tomcat connector configured to listen on port 8080 failed to start. The port may already be in use or the connector may be misconfigured.
Action:
Verify the connector's configuration, identify and stop any process that's listening on port 8080, or configure this application to listen on another port.
WARN [org.springframework.boot.web.servlet.context.AnnotationConfigServletWebServerApplicationContext] Exception encountered during context initialization - cancelling refresh attempt: org.springframework.beans.factory.BeanCreationException: Error creating bean with name 'entityManagerFactory' defined in class path resource [org/springframework/boot/autoconfigure/orm/jpa/HibernateJpaConfiguration.class]: Invocation of init method failed; nested exception is javax.persistence.PersistenceException: [PersistenceUnit: default] Unable to build Hibernate SessionFactory; nested exception is org.hibernate.tool.schema.spi.SchemaManagementException: Schema-validation: missing column [justification] in table [investment_application]
ERROR [org.springframework.boot.SpringApplication] at org.springframework.beans.factory.support.AbstractAutowireCapableBeanFactory.initializeBean(AbstractAutowireCapableBeanFactory.java:1778): Error creating bean with name 'entityManagerFactory' defined in class path resource [org/springframework/boot/autoconfigure/orm/jpa/HibernateJpaConfiguration.class]: Invocation of init method failed; nested exception is javax.persistence.PersistenceException: [PersistenceUnit: default] Unable to build Hibernate SessionFactory; nested exception is org.hibernate.tool.schema.spi.SchemaManagementException: Schema-validation: missing column [justification] in table [investment_application]
at org.springframework.orm.jpa.AbstractEntityManagerFactoryBean.buildNativeEntityManagerFactory(AbstractEntityManagerFactoryBean.java:402): [PersistenceUnit: default] Unable to build Hibernate SessionFactory; nested exception is org.hibernate.tool.schema.spi.SchemaManagementException: Schema-validation: missing column [justification] in table [investment_application]
at org.hibernate.tool.schema.internal.AbstractSchemaValidator.validateTable(AbstractSchemaValidator.java:136): Schema-validation: missing column [justification] in table [investment_application]
ERROR [org.apache.jsp.META_002dINF.views.framework.panic_jsp] HTTP POST /acme-incubator/META-INF/views/framework/page.jsp HTTP/1.1
ERROR [org.apache.jsp.META_002dINF.views.framework.panic_jsp] Status: 500
ERROR [org.apache.jsp.META_002dINF.views.framework.panic_jsp] Exception: java.lang.AssertionError
ERROR [org.apache.jsp.META_002dINF.views.framework.panic_jsp] HTTP POST /acme-incubator/META-INF/views/framework/page.jsp HTTP/1.1
ERROR [org.apache.jsp.META_002dINF.views.framework.panic_jsp] Status: 500
ERROR [org.apache.jsp.META_002dINF.views.framework.panic_jsp] Exception: java.lang.AssertionError
ERROR [org.apache.jsp.META_002dINF.views.framework.panic_jsp] HTTP POST /acme-incubator/META-INF/views/framework/page.jsp HTTP/1.1
ERROR [org.apache.jsp.META_002dINF.views.framework.panic_jsp] Status: 500
ERROR [org.apache.jsp.META_002dINF.views.framework.panic_jsp] Exception: java.lang.AssertionError
ERROR [org.apache.jsp.META_002dINF.views.framework.panic_jsp] HTTP POST /acme-incubator/META-INF/views/framework/page.jsp HTTP/1.1
ERROR [org.apache.jsp.META_002dINF.views.framework.panic_jsp] Status: 500
ERROR [org.apache.jsp.META_002dINF.views.framework.panic_jsp] Exception: java.lang.AssertionError
ERROR [org.apache.jsp.META_002dINF.views.framework.panic_jsp] HTTP POST /acme-incubator/META-INF/views/framework/page.jsp HTTP/1.1
ERROR [org.apache.jsp.META_002dINF.views.framework.panic_jsp] Status: 500
ERROR [org.apache.jsp.META_002dINF.views.framework.panic_jsp] Exception: java.lang.AssertionError
ERROR [org.apache.jsp.META_002dINF.views.framework.panic_jsp] HTTP POST /acme-incubator/META-INF/views/framework/page.jsp HTTP/1.1
ERROR [org.apache.jsp.META_002dINF.views.framework.panic_jsp] Status: 500
ERROR [org.apache.jsp.META_002dINF.views.framework.panic_jsp] Exception: java.lang.AssertionError
ERROR [org.apache.jsp.META_002dINF.views.framework.panic_jsp] HTTP POST /acme-incubator/META-INF/views/framework/page.jsp HTTP/1.1
ERROR [org.apache.jsp.META_002dINF.views.framework.panic_jsp] Status: 500
ERROR [org.apache.jsp.META_002dINF.views.framework.panic_jsp] Exception: java.lang.AssertionError
ERROR [org.apache.jsp.META_002dINF.views.framework.panic_jsp] HTTP POST /acme-incubator/META-INF/views/framework/page.jsp HTTP/1.1
ERROR [org.apache.jsp.META_002dINF.views.framework.panic_jsp] Status: 500
ERROR [org.apache.jsp.META_002dINF.views.framework.panic_jsp] Exception: java.lang.AssertionError
ERROR [org.apache.jsp.META_002dINF.views.framework.panic_jsp] HTTP POST /acme-incubator/META-INF/views/framework/page.jsp HTTP/1.1
ERROR [org.apache.jsp.META_002dINF.views.framework.panic_jsp] Status: 500
ERROR [org.apache.jsp.META_002dINF.views.framework.panic_jsp] Exception: java.lang.AssertionError
ERROR [org.apache.jsp.META_002dINF.views.framework.panic_jsp] HTTP POST /acme-incubator/META-INF/views/framework/page.jsp HTTP/1.1
ERROR [org.apache.jsp.META_002dINF.views.framework.panic_jsp] Status: 500
ERROR [org.apache.jsp.META_002dINF.views.framework.panic_jsp] Exception: java.lang.AssertionError
ERROR [org.apache.jsp.META_002dINF.views.framework.panic_jsp] HTTP POST /acme-incubator/META-INF/views/framework/page.jsp HTTP/1.1
ERROR [org.apache.jsp.META_002dINF.views.framework.panic_jsp] Status: 500
ERROR [org.apache.jsp.META_002dINF.views.framework.panic_jsp] Exception: java.lang.AssertionError
ERROR [org.apache.jsp.META_002dINF.views.framework.panic_jsp] HTTP POST /acme-incubator/META-INF/views/framework/page.jsp HTTP/1.1
ERROR [org.apache.jsp.META_002dINF.views.framework.panic_jsp] Status: 500
ERROR [org.apache.jsp.META_002dINF.views.framework.panic_jsp] Exception: java.lang.AssertionError
